<?xml version="1.0" encoding="UTF-8"?>
<testsuite xmlns:xsi="http://www.w3.org/2001/XMLSchema-instance" xsi:schemaLocation="https://maven.apache.org/surefire/maven-surefire-plugin/xsd/surefire-test-report.xsd" name="TestSuite" time="32.692" tests="15" errors="0" skipped="0" failures="0">
  <properties>
[...]
</properties>
  <testcase name="runScenario" classname="support.runner.RunCucumberTest" time="10.963"/>
  <testcase name="runScenario" classname="support.runner.RunCucumberTest" time="0.338"/>
  <testcase name="runScenario" classname="support.runner.RunCucumberTest" time="0.394"/>
  <testcase name="runScenario" classname="support.runner.RunCucumberTest" time="0.331"/>
  <testcase name="runScenario" classname="support.runner.RunCucumberTest" time="0.351"/>
  <testcase name="runScenario" classname="support.runner.RunCucumberTest" time="0.843"/>
  <testcase name="runScenario" classname="support.runner.RunCucumberTest" time="9.376"/>
  <testcase name="runScenario" classname="support.runner.RunCucumberTest" time="1.368"/>
  <testcase name="runScenario" classname="support.runner.RunCucumberTest" time="0.918"/>
  <testcase name="runScenario" classname="support.runner.RunCucumberTest" time="0.993"/>
  <testcase name="runScenario" classname="support.runner.RunCucumberTest" time="0.959"/>
  <testcase name="runScenario" classname="support.runner.RunCucumberTest" time="0.947"/>
  <testcase name="runScenario" classname="support.runner.RunCucumberTest" time="0.854"/>
  <testcase name="runScenario" classname="support.runner.RunCucumberTest" time="1"/>
  <testcase name="runScenario" classname="support.runner.RunCucumberTest" time="1.242"/>
</testsuite>