<?xml version="1.0" encoding="UTF-8"?>
<testng-results ignored="0" total="15" passed="15" failed="0" skipped="0">
  <reporter-output>
  </reporter-output>
  <suite started-at="2020-04-09T17:37:06 SGT" name="IMP-Test-Suite" finished-at="2020-04-09T17:37:38 SGT" duration-ms="31466">
    <groups>
      <group name="cucumber">
        <method signature="AbstractTestNGCucumberTests.runScenario(io.cucumber.testng.PickleWrapper, io.cucumber.testng.FeatureWrapper)[pri:0, instance:support.runner.RunCucumberTest@36d585c]" name="runScenario" class="io.cucumber.testng.AbstractTestNGCucumberTests"/>
      </group> <!-- cucumber -->
    </groups>
    <test started-at="2020-04-09T17:37:06 SGT" name="SanityTests" finished-at="2020-04-09T17:37:38 SGT" duration-ms="31466">
      <class name="support.runner.RunCucumberTest">
        <test-method is-config="true" signature="setUpClass()[pri:0, instance:support.runner.RunCucumberTest@36d585c]" started-at="2020-04-09T17:37:06 SGT" name="setUpClass" finished-at="2020-04-09T17:37:06 SGT" duration-ms="141" status="PASS">
          <reporter-output>
          </reporter-output>
        </test-method> <!-- setUpClass -->
        <test-method signature="runScenario(io.cucumber.testng.PickleWrapper, io.cucumber.testng.FeatureWrapper)[pri:0, instance:support.runner.RunCucumberTest@36d585c]" started-at="2020-04-09T17:37:07 SGT" name="runScenario" description="Runs Cucumber Scenarios" data-provider="scenarios" finished-at="2020-04-09T17:37:17 SGT" duration-ms="10983" status="PASS">
          <params>
            <param index="0">
              <value>
                <![CDATA["Verify Chapters are present"]]>
              </value>
            </param>
            <param index="1">
              <value>
                <![CDATA["Scenarios to test example mentioned in Chapter 1"]]>
              </value>
            </param>
          </params>
          <reporter-output>
          </reporter-output>
        </test-method> <!-- runScenario -->
        <test-method signature="runScenario(io.cucumber.testng.PickleWrapper, io.cucumber.testng.FeatureWrapper)[pri:0, instance:support.runner.RunCucumberTest@36d585c]" started-at="2020-04-09T17:37:17 SGT" name="runScenario" description="Runs Cucumber Scenarios" data-provider="scenarios" finished-at="2020-04-09T17:37:18 SGT" duration-ms="332" status="PASS">
          <params>
            <param index="0">
              <value>
                <![CDATA["Verify Chapters are present"]]>
              </value>
            </param>
            <param index="1">
              <value>
                <![CDATA["Scenarios to test example mentioned in Chapter 1"]]>
              </value>
            </param>
          </params>
          <reporter-output>
          </reporter-output>
        </test-method> <!-- runScenario -->
        <test-method signature="runScenario(io.cucumber.testng.PickleWrapper, io.cucumber.testng.FeatureWrapper)[pri:0, instance:support.runner.RunCucumberTest@36d585c]" started-at="2020-04-09T17:37:18 SGT" name="runScenario" description="Runs Cucumber Scenarios" data-provider="scenarios" finished-at="2020-04-09T17:37:18 SGT" duration-ms="394" status="PASS">
          <params>
            <param index="0">
              <value>
                <![CDATA["Verify Chapters are present"]]>
              </value>
            </param>
            <param index="1">
              <value>
                <![CDATA["Scenarios to test example mentioned in Chapter 1"]]>
              </value>
            </param>
          </params>
          <reporter-output>
          </reporter-output>
        </test-method> <!-- runScenario -->
        <test-method signature="runScenario(io.cucumber.testng.PickleWrapper, io.cucumber.testng.FeatureWrapper)[pri:0, instance:support.runner.RunCucumberTest@36d585c]" started-at="2020-04-09T17:37:18 SGT" name="runScenario" description="Runs Cucumber Scenarios" data-provider="scenarios" finished-at="2020-04-09T17:37:19 SGT" duration-ms="331" status="PASS">
          <params>
            <param index="0">
              <value>
                <![CDATA["Verify Chapters are present"]]>
              </value>
            </param>
            <param index="1">
              <value>
                <![CDATA["Scenarios to test example mentioned in Chapter 1"]]>
              </value>
            </param>
          </params>
          <reporter-output>
          </reporter-output>
        </test-method> <!-- runScenario -->
        <test-method signature="runScenario(io.cucumber.testng.PickleWrapper, io.cucumber.testng.FeatureWrapper)[pri:0, instance:support.runner.RunCucumberTest@36d585c]" started-at="2020-04-09T17:37:19 SGT" name="runScenario" description="Runs Cucumber Scenarios" data-provider="scenarios" finished-at="2020-04-09T17:37:19 SGT" duration-ms="350" status="PASS">
          <params>
            <param index="0">
              <value>
                <![CDATA["Verify Chapters are present"]]>
              </value>
            </param>
            <param index="1">
              <value>
                <![CDATA["Scenarios to test example mentioned in Chapter 1"]]>
              </value>
            </param>
          </params>
          <reporter-output>
          </reporter-output>
        </test-method> <!-- runScenario -->
        <test-method signature="runScenario(io.cucumber.testng.PickleWrapper, io.cucumber.testng.FeatureWrapper)[pri:0, instance:support.runner.RunCucumberTest@36d585c]" started-at="2020-04-09T17:37:19 SGT" name="runScenario" description="Runs Cucumber Scenarios" data-provider="scenarios" finished-at="2020-04-09T17:37:20 SGT" duration-ms="836" status="PASS">
          <params>
            <param index="0">
              <value>
                <![CDATA["Assert that this text is on the page"]]>
              </value>
            </param>
            <param index="1">
              <value>
                <![CDATA["Scenarios to test example mentioned in Chapter 1"]]>
              </value>
            </param>
          </params>
          <reporter-output>
          </reporter-output>
        </test-method> <!-- runScenario -->
        <test-method signature="runScenario(io.cucumber.testng.PickleWrapper, io.cucumber.testng.FeatureWrapper)[pri:0, instance:support.runner.RunCucumberTest@36d585c]" started-at="2020-04-09T17:37:20 SGT" name="runScenario" description="Runs Cucumber Scenarios" data-provider="scenarios" finished-at="2020-04-09T17:37:29 SGT" duration-ms="9375" status="PASS">
          <params>
            <param index="0">
              <value>
                <![CDATA["Click on the links which launches multiple window"]]>
              </value>
            </param>
            <param index="1">
              <value>
                <![CDATA["Scenarios to test example mentioned in Chapter 1"]]>
              </value>
            </param>
          </params>
          <reporter-output>
          </reporter-output>
        </test-method> <!-- runScenario -->
        <test-method signature="runScenario(io.cucumber.testng.PickleWrapper, io.cucumber.testng.FeatureWrapper)[pri:0, instance:support.runner.RunCucumberTest@36d585c]" started-at="2020-04-09T17:37:29 SGT" name="runScenario" description="Runs Cucumber Scenarios" data-provider="scenarios" finished-at="2020-04-09T17:37:30 SGT" duration-ms="1351" status="PASS">
          <params>
            <param index="0">
              <value>
                <![CDATA["Click on the links to load page with AJAX"]]>
              </value>
            </param>
            <param index="1">
              <value>
                <![CDATA["Scenarios to test example mentioned in Chapter 1"]]>
              </value>
            </param>
          </params>
          <reporter-output>
          </reporter-output>
        </test-method> <!-- runScenario -->
        <test-method signature="runScenario(io.cucumber.testng.PickleWrapper, io.cucumber.testng.FeatureWrapper)[pri:0, instance:support.runner.RunCucumberTest@36d585c]" started-at="2020-04-09T17:37:30 SGT" name="runScenario" description="Runs Cucumber Scenarios" data-provider="scenarios" finished-at="2020-04-09T17:37:31 SGT" duration-ms="942" status="PASS">
          <params>
            <param index="0">
              <value>
                <![CDATA["Verify Button is present"]]>
              </value>
            </param>
            <param index="1">
              <value>
                <![CDATA["Scenarios to test example mentioned in Chapter 1"]]>
              </value>
            </param>
          </params>
          <reporter-output>
          </reporter-output>
        </test-method> <!-- runScenario -->
        <test-method signature="runScenario(io.cucumber.testng.PickleWrapper, io.cucumber.testng.FeatureWrapper)[pri:0, instance:support.runner.RunCucumberTest@36d585c]" started-at="2020-04-09T17:37:31 SGT" name="runScenario" description="Runs Cucumber Scenarios" data-provider="scenarios" finished-at="2020-04-09T17:37:32 SGT" duration-ms="986" status="PASS">
          <params>
            <param index="0">
              <value>
                <![CDATA["Verify all buttons are present"]]>
              </value>
            </param>
            <param index="1">
              <value>
                <![CDATA["Scenarios to test example mentioned in Chapter 2"]]>
              </value>
            </param>
          </params>
          <reporter-output>
          </reporter-output>
        </test-method> <!-- runScenario -->
        <test-method signature="runScenario(io.cucumber.testng.PickleWrapper, io.cucumber.testng.FeatureWrapper)[pri:0, instance:support.runner.RunCucumberTest@36d585c]" started-at="2020-04-09T17:37:32 SGT" name="runScenario" description="Runs Cucumber Scenarios" data-provider="scenarios" finished-at="2020-04-09T17:37:33 SGT" duration-ms="978" status="PASS">
          <params>
            <param index="0">
              <value>
                <![CDATA["Verify all buttons are present"]]>
              </value>
            </param>
            <param index="1">
              <value>
                <![CDATA["Scenarios to test example mentioned in Chapter 2"]]>
              </value>
            </param>
          </params>
          <reporter-output>
          </reporter-output>
        </test-method> <!-- runScenario -->
        <test-method signature="runScenario(io.cucumber.testng.PickleWrapper, io.cucumber.testng.FeatureWrapper)[pri:0, instance:support.runner.RunCucumberTest@36d585c]" started-at="2020-04-09T17:37:33 SGT" name="runScenario" description="Runs Cucumber Scenarios" data-provider="scenarios" finished-at="2020-04-09T17:37:34 SGT" duration-ms="941" status="PASS">
          <params>
            <param index="0">
              <value>
                <![CDATA["Verify all buttons are present"]]>
              </value>
            </param>
            <param index="1">
              <value>
                <![CDATA["Scenarios to test example mentioned in Chapter 2"]]>
              </value>
            </param>
          </params>
          <reporter-output>
          </reporter-output>
        </test-method> <!-- runScenario -->
        <test-method signature="runScenario(io.cucumber.testng.PickleWrapper, io.cucumber.testng.FeatureWrapper)[pri:0, instance:support.runner.RunCucumberTest@36d585c]" started-at="2020-04-09T17:37:34 SGT" name="runScenario" description="Runs Cucumber Scenarios" data-provider="scenarios" finished-at="2020-04-09T17:37:35 SGT" duration-ms="866" status="PASS">
          <params>
            <param index="0">
              <value>
                <![CDATA["Verify all buttons are present"]]>
              </value>
            </param>
            <param index="1">
              <value>
                <![CDATA["Scenarios to test example mentioned in Chapter 2"]]>
              </value>
            </param>
          </params>
          <reporter-output>
          </reporter-output>
        </test-method> <!-- runScenario -->
        <test-method signature="runScenario(io.cucumber.testng.PickleWrapper, io.cucumber.testng.FeatureWrapper)[pri:0, instance:support.runner.RunCucumberTest@36d585c]" started-at="2020-04-09T17:37:35 SGT" name="runScenario" description="Runs Cucumber Scenarios" data-provider="scenarios" finished-at="2020-04-09T17:37:36 SGT" duration-ms="1031" status="PASS">
          <params>
            <param index="0">
              <value>
                <![CDATA["Verify alert box shows entered text"]]>
              </value>
            </param>
            <param index="1">
              <value>
                <![CDATA["Scenarios to test example mentioned in Chapter 4"]]>
              </value>
            </param>
          </params>
          <reporter-output>
          </reporter-output>
        </test-method> <!-- runScenario -->
        <test-method signature="runScenario(io.cucumber.testng.PickleWrapper, io.cucumber.testng.FeatureWrapper)[pri:0, instance:support.runner.RunCucumberTest@36d585c]" started-at="2020-04-09T17:37:36 SGT" name="runScenario" description="Runs Cucumber Scenarios" data-provider="scenarios" finished-at="2020-04-09T17:37:37 SGT" duration-ms="1242" status="PASS">
          <params>
            <param index="0">
              <value>
                <![CDATA["Verify Select box has mentioned values"]]>
              </value>
            </param>
            <param index="1">
              <value>
                <![CDATA["Scenarios to test example mentioned in Chapter 4"]]>
              </value>
            </param>
          </params>
          <reporter-output>
          </reporter-output>
        </test-method> <!-- runScenario -->
        <test-method is-config="true" signature="tearDownClass()[pri:0, instance:support.runner.RunCucumberTest@36d585c]" started-at="2020-04-09T17:37:37 SGT" name="tearDownClass" finished-at="2020-04-09T17:37:38 SGT" duration-ms="216" status="PASS">
          <reporter-output>
          </reporter-output>
        </test-method> <!-- tearDownClass -->
      </class> <!-- support.runner.RunCucumberTest -->
    </test> <!-- SanityTests -->
  </suite> <!-- IMP-Test-Suite -->
</testng-results>
